
*** Running vivado
    with args -log design_fpga_axis_bitflip_0_0.vds -m64 -product Vivado -mode batch -messageDb vivado.pb -notrace -source design_fpga_axis_bitflip_0_0.tcl


****** Vivado v2020.2 (64-bit)
  **** SW Build 3064766 on Wed Nov 18 09:12:47 MST 2020
  **** IP Build 3064653 on Wed Nov 18 14:17:31 MST 2020
    ** Copyright 1986-2020 Xilinx, Inc. All Rights Reserved.

source design_fpga_axis_bitflip_0_0.tcl -notrace
Command: synth_design -top design_fpga_axis_bitflip_0_0 -part xc7z020clg400-1 -mode out_of_context
Starting synth_design
WARNING: [IP_Flow 19-3571] IP 'design_fpga_axis_bitflip_0_0' is restricted:
* Module reference is stale and needs refreshing.
Attempting to get a license for feature 'Synthesis' and/or device 'xc7z020'
INFO: [Common 17-349] Got license for feature 'Synthesis' and/or device 'xc7z020'
INFO: [Device 21-403] Loading part xc7z020clg400-1
INFO: [Synth 8-7079] Multithreading enabled for synth_design using a maximum of 4 processes.
INFO: [Synth 8-7078] Launching helper process for spawning children vivado processes
INFO: [Synth 8-7075] Helper process launched with PID 77205
---------------------------------------------------------------------------------
Starting RTL Elaboration : Time (s): cpu = 00:00:04 ; elapsed = 00:00:08 . Memory (MB): peak = 2349.562 ; gain = 0.000 ; free physical = 10125 ; free virtual = 16070
---------------------------------------------------------------------------------
INFO: [Synth 8-6157] synthesizing module 'design_fpga_axis_bitflip_0_0' [/nfs/nfs2/home/barnecle/E315-Digital-Design/P2_EMA/verilog/vsrc/design_fpga/ip/design_fpga_axis_bitflip_0_0/synth/design_fpga_axis_bitflip_0_0.v:58]
INFO: [Synth 8-6157] synthesizing module 'axis_bitflip' [/nfs/nfs2/home/barnecle/E315-Digital-Design/P2_EMA/verilog/vsrc/axis_bitflip.v:23]
INFO: [Synth 8-6155] done synthesizing module 'axis_bitflip' (1#1) [/nfs/nfs2/home/barnecle/E315-Digital-Design/P2_EMA/verilog/vsrc/axis_bitflip.v:23]
INFO: [Synth 8-6155] done synthesizing module 'design_fpga_axis_bitflip_0_0' (2#1) [/nfs/nfs2/home/barnecle/E315-Digital-Design/P2_EMA/verilog/vsrc/design_fpga/ip/design_fpga_axis_bitflip_0_0/synth/design_fpga_axis_bitflip_0_0.v:58]
---------------------------------------------------------------------------------
Finished RTL Elaboration : Time (s): cpu = 00:00:05 ; elapsed = 00:00:11 . Memory (MB): peak = 2349.562 ; gain = 0.000 ; free physical = 12115 ; free virtual = 18061
---------------------------------------------------------------------------------
---------------------------------------------------------------------------------
Start Handling Custom Attributes
---------------------------------------------------------------------------------
---------------------------------------------------------------------------------
Finished Handling Custom Attributes : Time (s): cpu = 00:00:06 ; elapsed = 00:00:12 . Memory (MB): peak = 2349.562 ; gain = 0.000 ; free physical = 13021 ; free virtual = 18967
---------------------------------------------------------------------------------
---------------------------------------------------------------------------------
Finished RTL Optimization Phase 1 : Time (s): cpu = 00:00:06 ; elapsed = 00:00:12 . Memory (MB): peak = 2349.562 ; gain = 0.000 ; free physical = 13021 ; free virtual = 18967
---------------------------------------------------------------------------------
Netlist sorting complete. Time (s): cpu = 00:00:00 ; elapsed = 00:00:00 . Memory (MB): peak = 2349.562 ; gain = 0.000 ; free physical = 12991 ; free virtual = 18938
INFO: [Project 1-570] Preparing netlist for logic optimization

Processing XDC Constraints
Initializing timing engine
Completed Processing XDC Constraints

Netlist sorting complete. Time (s): cpu = 00:00:00 ; elapsed = 00:00:00 . Memory (MB): peak = 2424.328 ; gain = 0.000 ; free physical = 12102 ; free virtual = 18049
INFO: [Project 1-111] Unisim Transformation Summary:
No Unisim elements were transformed.

Constraint Validation Runtime : Time (s): cpu = 00:00:00.02 ; elapsed = 00:00:00.04 . Memory (MB): peak = 2427.297 ; gain = 2.969 ; free physical = 12087 ; free virtual = 18034
---------------------------------------------------------------------------------
Finished Constraint Validation : Time (s): cpu = 00:00:11 ; elapsed = 00:00:18 . Memory (MB): peak = 2427.297 ; gain = 77.734 ; free physical = 12745 ; free virtual = 18710
---------------------------------------------------------------------------------
---------------------------------------------------------------------------------
Start Loading Part and Timing Information
---------------------------------------------------------------------------------
Loading part: xc7z020clg400-1
---------------------------------------------------------------------------------
Finished Loading Part and Timing Information : Time (s): cpu = 00:00:11 ; elapsed = 00:00:18 . Memory (MB): peak = 2427.297 ; gain = 77.734 ; free physical = 12745 ; free virtual = 18710
---------------------------------------------------------------------------------
---------------------------------------------------------------------------------
Start Applying 'set_property' XDC Constraints
---------------------------------------------------------------------------------
---------------------------------------------------------------------------------
Finished applying 'set_property' XDC Constraints : Time (s): cpu = 00:00:11 ; elapsed = 00:00:18 . Memory (MB): peak = 2427.297 ; gain = 77.734 ; free physical = 12744 ; free virtual = 18709
---------------------------------------------------------------------------------
---------------------------------------------------------------------------------
Finished RTL Optimization Phase 2 : Time (s): cpu = 00:00:12 ; elapsed = 00:00:19 . Memory (MB): peak = 2427.297 ; gain = 77.734 ; free physical = 12740 ; free virtual = 18708
---------------------------------------------------------------------------------
---------------------------------------------------------------------------------
Start RTL Component Statistics 
---------------------------------------------------------------------------------
Detailed RTL Component Info : 
---------------------------------------------------------------------------------
Finished RTL Component Statistics 
---------------------------------------------------------------------------------
---------------------------------------------------------------------------------
Start Part Resource Summary
---------------------------------------------------------------------------------
Part Resources:
DSPs: 220 (col length:60)
BRAMs: 280 (col length: RAMB18 60 RAMB36 30)
---------------------------------------------------------------------------------
Finished Part Resource Summary
---------------------------------------------------------------------------------
---------------------------------------------------------------------------------
Start Cross Boundary and Area Optimization
---------------------------------------------------------------------------------
---------------------------------------------------------------------------------
Finished Cross Boundary and Area Optimization : Time (s): cpu = 00:00:13 ; elapsed = 00:00:20 . Memory (MB): peak = 2427.297 ; gain = 77.734 ; free physical = 12767 ; free virtual = 18743
---------------------------------------------------------------------------------
---------------------------------------------------------------------------------
Start Applying XDC Timing Constraints
---------------------------------------------------------------------------------
---------------------------------------------------------------------------------
Finished Applying XDC Timing Constraints : Time (s): cpu = 00:00:19 ; elapsed = 00:00:26 . Memory (MB): peak = 2427.297 ; gain = 77.734 ; free physical = 12078 ; free virtual = 18061
---------------------------------------------------------------------------------
---------------------------------------------------------------------------------
Start Timing Optimization
---------------------------------------------------------------------------------
---------------------------------------------------------------------------------
Finished Timing Optimization : Time (s): cpu = 00:00:19 ; elapsed = 00:00:26 . Memory (MB): peak = 2427.297 ; gain = 77.734 ; free physical = 12078 ; free virtual = 18061
---------------------------------------------------------------------------------
---------------------------------------------------------------------------------
Start Technology Mapping
---------------------------------------------------------------------------------
---------------------------------------------------------------------------------
Finished Technology Mapping : Time (s): cpu = 00:00:19 ; elapsed = 00:00:26 . Memory (MB): peak = 2440.312 ; gain = 90.750 ; free physical = 12074 ; free virtual = 18057
---------------------------------------------------------------------------------
---------------------------------------------------------------------------------
Start IO Insertion
---------------------------------------------------------------------------------
---------------------------------------------------------------------------------
Start Flattening Before IO Insertion
---------------------------------------------------------------------------------
---------------------------------------------------------------------------------
Finished Flattening Before IO Insertion
---------------------------------------------------------------------------------
---------------------------------------------------------------------------------
Start Final Netlist Cleanup
---------------------------------------------------------------------------------
---------------------------------------------------------------------------------
Finished Final Netlist Cleanup
---------------------------------------------------------------------------------
---------------------------------------------------------------------------------
Finished IO Insertion : Time (s): cpu = 00:00:22 ; elapsed = 00:00:29 . Memory (MB): peak = 2446.250 ; gain = 96.688 ; free physical = 11809 ; free virtual = 17792
---------------------------------------------------------------------------------
---------------------------------------------------------------------------------
Start Renaming Generated Instances
---------------------------------------------------------------------------------
---------------------------------------------------------------------------------
Finished Renaming Generated Instances : Time (s): cpu = 00:00:22 ; elapsed = 00:00:29 . Memory (MB): peak = 2446.250 ; gain = 96.688 ; free physical = 11809 ; free virtual = 17792
---------------------------------------------------------------------------------
---------------------------------------------------------------------------------
Start Rebuilding User Hierarchy
---------------------------------------------------------------------------------
---------------------------------------------------------------------------------
Finished Rebuilding User Hierarchy : Time (s): cpu = 00:00:22 ; elapsed = 00:00:29 . Memory (MB): peak = 2446.250 ; gain = 96.688 ; free physical = 11809 ; free virtual = 17792
---------------------------------------------------------------------------------
---------------------------------------------------------------------------------
Start Renaming Generated Ports
---------------------------------------------------------------------------------
---------------------------------------------------------------------------------
Finished Renaming Generated Ports : Time (s): cpu = 00:00:22 ; elapsed = 00:00:29 . Memory (MB): peak = 2446.250 ; gain = 96.688 ; free physical = 11809 ; free virtual = 17792
---------------------------------------------------------------------------------
---------------------------------------------------------------------------------
Start Handling Custom Attributes
---------------------------------------------------------------------------------
---------------------------------------------------------------------------------
Finished Handling Custom Attributes : Time (s): cpu = 00:00:22 ; elapsed = 00:00:29 . Memory (MB): peak = 2446.250 ; gain = 96.688 ; free physical = 11809 ; free virtual = 17792
---------------------------------------------------------------------------------
---------------------------------------------------------------------------------
Start Renaming Generated Nets
---------------------------------------------------------------------------------
---------------------------------------------------------------------------------
Finished Renaming Generated Nets : Time (s): cpu = 00:00:22 ; elapsed = 00:00:29 . Memory (MB): peak = 2446.250 ; gain = 96.688 ; free physical = 11809 ; free virtual = 17792
---------------------------------------------------------------------------------
---------------------------------------------------------------------------------
Start Writing Synthesis Report
---------------------------------------------------------------------------------

Report BlackBoxes: 
+-+--------------+----------+
| |BlackBox name |Instances |
+-+--------------+----------+
+-+--------------+----------+

Report Cell Usage: 
+------+-----+------+
|      |Cell |Count |
+------+-----+------+
|1     |LUT1 |    32|
+------+-----+------+
---------------------------------------------------------------------------------
Finished Writing Synthesis Report : Time (s): cpu = 00:00:22 ; elapsed = 00:00:29 . Memory (MB): peak = 2446.250 ; gain = 96.688 ; free physical = 11809 ; free virtual = 17792
---------------------------------------------------------------------------------
Synthesis finished with 0 errors, 0 critical warnings and 0 warnings.
Synthesis Optimization Runtime : Time (s): cpu = 00:00:20 ; elapsed = 00:00:27 . Memory (MB): peak = 2446.250 ; gain = 18.953 ; free physical = 11871 ; free virtual = 17854
Synthesis Optimization Complete : Time (s): cpu = 00:00:22 ; elapsed = 00:00:30 . Memory (MB): peak = 2446.258 ; gain = 96.688 ; free physical = 11869 ; free virtual = 17852
INFO: [Project 1-571] Translating synthesized netlist
Netlist sorting complete. Time (s): cpu = 00:00:00 ; elapsed = 00:00:00 . Memory (MB): peak = 2446.258 ; gain = 0.000 ; free physical = 11940 ; free virtual = 17923
INFO: [Project 1-570] Preparing netlist for logic optimization
INFO: [Opt 31-138] Pushed 0 inverter(s) to 0 load pin(s).
Netlist sorting complete. Time (s): cpu = 00:00:00 ; elapsed = 00:00:00 . Memory (MB): peak = 2454.188 ; gain = 0.000 ; free physical = 11904 ; free virtual = 17888
INFO: [Project 1-111] Unisim Transformation Summary:
No Unisim elements were transformed.

INFO: [Common 17-83] Releasing license: Synthesis
16 Infos, 1 Warnings, 0 Critical Warnings and 0 Errors encountered.
synth_design completed successfully
synth_design: Time (s): cpu = 00:00:32 ; elapsed = 00:00:36 . Memory (MB): peak = 2454.188 ; gain = 104.938 ; free physical = 12015 ; free virtual = 17998
INFO: [Common 17-1381] The checkpoint '/nfs/nfs2/home/barnecle/E315-Digital-Design/P2_EMA/vivado_project/vivado_project.runs/design_fpga_axis_bitflip_0_0_synth_1/design_fpga_axis_bitflip_0_0.dcp' has been generated.
WARNING: [Common 17-576] 'use_project_ipc' is deprecated. This option is deprecated and no longer used.
INFO: [Common 17-1381] The checkpoint '/nfs/nfs2/home/barnecle/E315-Digital-Design/P2_EMA/vivado_project/vivado_project.runs/design_fpga_axis_bitflip_0_0_synth_1/design_fpga_axis_bitflip_0_0.dcp' has been generated.
INFO: [runtcl-4] Executing : report_utilization -file design_fpga_axis_bitflip_0_0_utilization_synth.rpt -pb design_fpga_axis_bitflip_0_0_utilization_synth.pb
INFO: [Common 17-206] Exiting Vivado at Thu Sep 22 17:14:15 2022...
